<?xml version="1.0" encoding="UTF-8"?>
<!-- Generated by org.testng.reporters.JUnitXMLReporter -->
<testsuite hostname="rasta" ignored="0" name="Default test" tests="2" failures="0" timestamp="15 Dec 2018 01:11:42 GMT" time="4.354" errors="0">
  <testcase name="s200_RegisterTokenReturned" time="3.106" classname="com.APITest.tests.SamplePostRequest"/>
  <testcase name="s400_MissingEmailField_ErrorReturned" time="0.857" classname="com.APITest.tests.SamplePostRequest"/>
</testsuite> <!-- Default test -->
